<?xml version="1.0" encoding="UTF-8"?>
<TestRun id="0d952831-264c-4765-8841-b144fc71eefa" name="attfire1@D206-59042 2014-03-18 16:23:58" runUser="OPNET\attfire1" xmlns="http://microsoft.com/schemas/VisualStudio/TeamTest/2010">
  <TestSettings name="Local" id="e3acc9a9-4bfa-4d94-bdcc-8210e80f94d9">
    <Description>These are default test settings for a local test run.</Description>
    <Deployment enabled="false" runDeploymentRoot="attfire1_D206-59042 2014-03-18 16_23_58">
      <DeploymentItem filename="C:\Users\attfire1\Desktop\Animal Shelter App\AnimalShelter\bin\Debug\AnimalShelter.exe" />
    </Deployment>
    <Execution>
      <TestTypeSpecific />
      <AgentRule name="Execution Agents">
      </AgentRule>
    </Execution>
  </TestSettings>
  <Times creation="2014-03-18T16:23:58.6822992+13:00" queuing="2014-03-18T16:23:58.7082992+13:00" start="2014-03-18T16:23:58.7122992+13:00" finish="2014-03-18T16:23:58.8832992+13:00" />
  <ResultSummary outcome="Failed">
    <Counters total="1" executed="1" error="0" failed="1" timeout="0" aborted="0" inconclusive="0" passedButRunAborted="0" notRunnable="0" notExecuted="0" disconnected="0" warning="0" passed="0" completed="0" inProgress="0" pending="0" />
  </ResultSummary>
  <TestDefinitions>
    <UnitTest name="getSpeciesTest" storage="c:\users\attfire1\desktop\animal shelter app\animalshelterunittests\bin\debug\animalshelterunittests.dll" id="1064f5d1-09d8-e477-0210-996b2a22c481">
      <Execution id="13a7303c-de11-42ec-9fc2-76520940c54f" />
      <TestMethod codeBase="C:/Users/attfire1/Desktop/Animal Shelter App/AnimalShelterUnitTests/bin/Debug/AnimalShelterUnitTests.DLL" adapterTypeName="Microsoft.VisualStudio.TestTools.TestTypes.Unit.UnitTestAdapter, Microsoft.VisualStudio.QualityTools.Tips.UnitTest.Adapter, Version=10.0.0.0, Culture=neutral, PublicKeyToken=b03f5f7f11d50a3a" className="AnimalShelterUnitTests.IAnimalTest, AnimalShelterUnitTests, Version=1.0.0.0, Culture=neutral, PublicKeyToken=null" name="getSpeciesTest" />
    </UnitTest>
  </TestDefinitions>
  <TestLists>
    <TestList name="Results Not in a List" id="8c84fa94-04c1-424b-9868-57a2d4851a1d" />
    <TestList name="All Loaded Results" id="19431567-8539-422a-85d7-44ee4e166bda" />
  </TestLists>
  <TestEntries>
    <TestEntry testId="1064f5d1-09d8-e477-0210-996b2a22c481" executionId="13a7303c-de11-42ec-9fc2-76520940c54f" testListId="8c84fa94-04c1-424b-9868-57a2d4851a1d" />
  </TestEntries>
  <Results>
    <UnitTestResult executionId="13a7303c-de11-42ec-9fc2-76520940c54f" testId="1064f5d1-09d8-e477-0210-996b2a22c481" testName="getSpeciesTest" computerName="D206-59042" duration="00:00:00.0217933" startTime="2014-03-18T16:23:58.7152992+13:00" endTime="2014-03-18T16:23:58.8582992+13:00" testType="13cdc9d9-ddb5-4fa4-a97d-d965ccfc6d4b" outcome="Failed" testListId="8c84fa94-04c1-424b-9868-57a2d4851a1d" relativeResultsDirectory="13a7303c-de11-42ec-9fc2-76520940c54f">
      <Output>
        <ErrorInfo>
          <Message>Assert.AreEqual failed. Expected:&lt;Cat&gt;. Actual:&lt;Bob&gt;. </Message>
          <StackTrace>   at AnimalShelterUnitTests.IAnimalTest.getSpeciesTest() in C:\Users\attfire1\Desktop\Animal Shelter App\AnimalShelterUnitTests\IAnimalTest.cs:line 116
</StackTrace>
        </ErrorInfo>
      </Output>
    </UnitTestResult>
  </Results>
</TestRun>