<?xml version="1.0" encoding="UTF-8"?>
<TestRun id="53aa6e68-acca-42bc-8854-1a1bc462cd41" name="attfire1@D206-59042 2014-03-18 16:27:48" runUser="OPNET\attfire1" xmlns="http://microsoft.com/schemas/VisualStudio/TeamTest/2010">
  <TestSettings name="Local" id="e3acc9a9-4bfa-4d94-bdcc-8210e80f94d9">
    <Description>These are default test settings for a local test run.</Description>
    <Deployment enabled="false" runDeploymentRoot="attfire1_D206-59042 2014-03-18 16_27_48">
      <DeploymentItem filename="C:\Users\attfire1\Desktop\Animal Shelter App\AnimalShelter\bin\Debug\AnimalShelter.exe" />
    </Deployment>
    <Execution>
      <TestTypeSpecific />
      <AgentRule name="Execution Agents">
      </AgentRule>
    </Execution>
  </TestSettings>
  <Times creation="2014-03-18T16:27:48.3872992+13:00" queuing="2014-03-18T16:27:48.4222992+13:00" start="2014-03-18T16:27:48.4262992+13:00" finish="2014-03-18T16:27:48.5692992+13:00" />
  <ResultSummary outcome="Completed">
    <Counters total="1" executed="1" passed="1" error="0" failed="0" timeout="0" aborted="0" inconclusive="0" passedButRunAborted="0" notRunnable="0" notExecuted="0" disconnected="0" warning="0" completed="0" inProgress="0" pending="0" />
  </ResultSummary>
  <TestDefinitions>
    <UnitTest name="getSpeciesTest" storage="c:\users\attfire1\desktop\animal shelter app\animalshelterunittests\bin\debug\animalshelterunittests.dll" id="1064f5d1-09d8-e477-0210-996b2a22c481">
      <Execution id="79b0dfee-663e-4e7a-9c15-734b83f334c0" />
      <TestMethod codeBase="C:/Users/attfire1/Desktop/Animal Shelter App/AnimalShelterUnitTests/bin/Debug/AnimalShelterUnitTests.DLL" adapterTypeName="Microsoft.VisualStudio.TestTools.TestTypes.Unit.UnitTestAdapter, Microsoft.VisualStudio.QualityTools.Tips.UnitTest.Adapter, Version=10.0.0.0, Culture=neutral, PublicKeyToken=b03f5f7f11d50a3a" className="AnimalShelterUnitTests.IAnimalTest, AnimalShelterUnitTests, Version=1.0.0.0, Culture=neutral, PublicKeyToken=null" name="getSpeciesTest" />
    </UnitTest>
  </TestDefinitions>
  <TestLists>
    <TestList name="Results Not in a List" id="8c84fa94-04c1-424b-9868-57a2d4851a1d" />
    <TestList name="All Loaded Results" id="19431567-8539-422a-85d7-44ee4e166bda" />
  </TestLists>
  <TestEntries>
    <TestEntry testId="1064f5d1-09d8-e477-0210-996b2a22c481" executionId="79b0dfee-663e-4e7a-9c15-734b83f334c0" testListId="8c84fa94-04c1-424b-9868-57a2d4851a1d" />
  </TestEntries>
  <Results>
    <UnitTestResult executionId="79b0dfee-663e-4e7a-9c15-734b83f334c0" testId="1064f5d1-09d8-e477-0210-996b2a22c481" testName="getSpeciesTest" computerName="D206-59042" duration="00:00:00.0110354" startTime="2014-03-18T16:27:48.4292992+13:00" endTime="2014-03-18T16:27:48.5602992+13:00" testType="13cdc9d9-ddb5-4fa4-a97d-d965ccfc6d4b" outcome="Passed" testListId="8c84fa94-04c1-424b-9868-57a2d4851a1d" relativeResultsDirectory="79b0dfee-663e-4e7a-9c15-734b83f334c0">
    </UnitTestResult>
  </Results>
</TestRun>